[0.008s] Invoking command in '/config/Desktop/f450/ros2_ws/build/f450_description': CMAKE_PREFIX_PATH=${CMAKE_PREFIX_PATH}:/opt/ros/jazzy CONDA_PROMPT_MODIFIER=(base) /usr/bin/cmake /config/Desktop/f450/ros2_ws/src/f450_description -DCMAKE_INSTALL_PREFIX=/config/Desktop/f450/ros2_ws/install/f450_description
[0.049s] -- The C compiler identification is GNU 13.3.0
[0.084s] -- The CXX compiler identification is GNU 13.3.0
[0.097s] -- Detecting C compiler ABI info
[0.161s] -- Detecting C compiler ABI info - done
[0.166s] -- Check for working C compiler: /usr/bin/cc - skipped
[0.166s] -- Detecting C compile features
[0.166s] -- Detecting C compile features - done
[0.172s] -- Detecting CXX compiler ABI info
[0.236s] -- Detecting CXX compiler ABI info - done
[0.242s] -- Check for working CXX compiler: /usr/bin/c++ - skipped
[0.242s] -- Detecting CXX compile features
[0.242s] -- Detecting CXX compile features - done
[0.245s] -- Found ament_cmake: 2.5.6 (/opt/ros/jazzy/share/ament_cmake/cmake)
[0.338s] -- Found Python3: /lsiopy/bin/python3 (found version "3.12.3") found components: Interpreter 
[0.409s] -- Found ament_lint_auto: 0.17.5 (/opt/ros/jazzy/share/ament_lint_auto/cmake)
[0.479s] -- Added test 'lint_cmake' to check CMake code style
[0.480s] -- Added test 'xmllint' to check XML markup files
[0.482s] -- Configuring done (0.5s)
[0.484s] -- Generating done (0.0s)
[0.484s] -- Build files have been written to: /config/Desktop/f450/ros2_ws/build/f450_description
[0.489s] Invoked command in '/config/Desktop/f450/ros2_ws/build/f450_description' returned '0': CMAKE_PREFIX_PATH=${CMAKE_PREFIX_PATH}:/opt/ros/jazzy CONDA_PROMPT_MODIFIER=(base) /usr/bin/cmake /config/Desktop/f450/ros2_ws/src/f450_description -DCMAKE_INSTALL_PREFIX=/config/Desktop/f450/ros2_ws/install/f450_description
[0.490s] Invoking command in '/config/Desktop/f450/ros2_ws/build/f450_description': CMAKE_PREFIX_PATH=${CMAKE_PREFIX_PATH}:/opt/ros/jazzy CONDA_PROMPT_MODIFIER=(base) /usr/bin/cmake --build /config/Desktop/f450/ros2_ws/build/f450_description -- -j32 -l32
[0.513s] Invoked command in '/config/Desktop/f450/ros2_ws/build/f450_description' returned '0': CMAKE_PREFIX_PATH=${CMAKE_PREFIX_PATH}:/opt/ros/jazzy CONDA_PROMPT_MODIFIER=(base) /usr/bin/cmake --build /config/Desktop/f450/ros2_ws/build/f450_description -- -j32 -l32
[0.519s] Invoking command in '/config/Desktop/f450/ros2_ws/build/f450_description': CMAKE_PREFIX_PATH=${CMAKE_PREFIX_PATH}:/opt/ros/jazzy CONDA_PROMPT_MODIFIER=(base) /usr/bin/cmake --install /config/Desktop/f450/ros2_ws/build/f450_description
[0.524s] -- Install configuration: ""
[0.525s] -- Installing: /config/Desktop/f450/ros2_ws/install/f450_description/share/f450_description/urdf
[0.525s] -- Installing: /config/Desktop/f450/ros2_ws/install/f450_description/share/f450_description/urdf/f450.urdf.xacro
[0.525s] -- Installing: /config/Desktop/f450/ros2_ws/install/f450_description/share/f450_description/meshes
[0.525s] -- Installing: /config/Desktop/f450/ros2_ws/install/f450_description/share/f450_description/meshes/bottom_plate.stl
[0.525s] -- Installing: /config/Desktop/f450/ros2_ws/install/f450_description/share/f450_description/meshes/leg.stl
[0.525s] -- Installing: /config/Desktop/f450/ros2_ws/install/f450_description/share/f450_description/meshes/leg_mount.stl
[0.525s] -- Installing: /config/Desktop/f450/ros2_ws/install/f450_description/share/f450_description/meshes/protectors.stl
[0.525s] -- Installing: /config/Desktop/f450/ros2_ws/install/f450_description/share/f450_description/meshes/up_plate.stl
[0.525s] -- Installing: /config/Desktop/f450/ros2_ws/install/f450_description/share/f450_description/launch
[0.525s] -- Installing: /config/Desktop/f450/ros2_ws/install/f450_description/share/ament_index/resource_index/package_run_dependencies/f450_description
[0.525s] -- Installing: /config/Desktop/f450/ros2_ws/install/f450_description/share/ament_index/resource_index/parent_prefix_path/f450_description
[0.525s] -- Installing: /config/Desktop/f450/ros2_ws/install/f450_description/share/f450_description/environment/ament_prefix_path.sh
[0.525s] -- Installing: /config/Desktop/f450/ros2_ws/install/f450_description/share/f450_description/environment/ament_prefix_path.dsv
[0.525s] -- Installing: /config/Desktop/f450/ros2_ws/install/f450_description/share/f450_description/environment/path.sh
[0.525s] -- Installing: /config/Desktop/f450/ros2_ws/install/f450_description/share/f450_description/environment/path.dsv
[0.525s] -- Installing: /config/Desktop/f450/ros2_ws/install/f450_description/share/f450_description/local_setup.bash
[0.525s] -- Installing: /config/Desktop/f450/ros2_ws/install/f450_description/share/f450_description/local_setup.sh
[0.525s] -- Installing: /config/Desktop/f450/ros2_ws/install/f450_description/share/f450_description/local_setup.zsh
[0.525s] -- Installing: /config/Desktop/f450/ros2_ws/install/f450_description/share/f450_description/local_setup.dsv
[0.525s] -- Installing: /config/Desktop/f450/ros2_ws/install/f450_description/share/f450_description/package.dsv
[0.525s] -- Installing: /config/Desktop/f450/ros2_ws/install/f450_description/share/ament_index/resource_index/packages/f450_description
[0.525s] -- Installing: /config/Desktop/f450/ros2_ws/install/f450_description/share/f450_description/cmake/f450_descriptionConfig.cmake
[0.525s] -- Installing: /config/Desktop/f450/ros2_ws/install/f450_description/share/f450_description/cmake/f450_descriptionConfig-version.cmake
[0.526s] -- Installing: /config/Desktop/f450/ros2_ws/install/f450_description/share/f450_description/package.xml
[0.527s] Invoked command in '/config/Desktop/f450/ros2_ws/build/f450_description' returned '0': CMAKE_PREFIX_PATH=${CMAKE_PREFIX_PATH}:/opt/ros/jazzy CONDA_PROMPT_MODIFIER=(base) /usr/bin/cmake --install /config/Desktop/f450/ros2_ws/build/f450_description
